#
# There is insufficient memory for the Java Runtime Environment to continue.
# Native memory allocation (malloc) failed to allocate 250576 bytes for Chunk::new
# Possible reasons:
#   The system is out of physical RAM or swap space
#   The process is running with CompressedOops enabled, and the Java Heap may be blocking the growth of the native heap
# Possible solutions:
#   Reduce memory load on the system
#   Increase physical memory or swap space
#   Check if swap backing store is full
#   Decrease Java heap size (-Xmx/-Xms)
#   Decrease number of Java threads
#   Decrease Java thread stack sizes (-Xss)
#   Set larger code cache with -XX:ReservedCodeCacheSize=
#   JVM is running with Unscaled Compressed Oops mode in which the Java heap is
#     placed in the first 4GB address space. The Java Heap base address is the
#     maximum limit for the native heap growth. Please use -XX:HeapBaseMinAddress
#     to set the Java Heap base and to place the Java Heap above 4GB virtual address.
# This output file may be truncated or incomplete.
#
#  Out of Memory Error (arena.cpp:189), pid=6780, tid=6848
#
# JRE version: OpenJDK Runtime Environment Temurin-17.0.4.1+1 (17.0.4.1+1) (build 17.0.4.1+1)
# Java VM: OpenJDK 64-Bit Server VM Temurin-17.0.4.1+1 (17.0.4.1+1, mixed mode, tiered, compressed oops, compressed class ptrs, parallel gc, windows-amd64)
# No core dump will be written. Minidumps are not enabled by default on client versions of Windows
#

---------------  S U M M A R Y ------------

Command Line: --add-modules=ALL-SYSTEM --add-opens=java.base/java.util=ALL-UNNAMED --add-opens=java.base/java.lang=ALL-UNNAMED --add-opens=java.base/sun.nio.fs=ALL-UNNAMED -Declipse.application=org.eclipse.jdt.ls.core.id1 -Dosgi.bundles.defaultStartLevel=4 -Declipse.product=org.eclipse.jdt.ls.core.product -Djava.import.generatesMetadataFilesAtProjectRoot=false -Dfile.encoding=utf8 -XX:+UseParallelGC -XX:GCTimeRatio=4 -XX:AdaptiveSizePolicyWeight=90 -Dsun.zip.disableMemoryMapping=true -Xmx1G -Xms100m -Xlog:disable -javaagent:c:\Users\JULIO\.vscode\extensions\redhat.java-1.12.0-win32-x64\lombok\lombok-1.18.24.jar c:\Users\JULIO\.vscode\extensions\redhat.java-1.12.0-win32-x64\server\plugins\org.eclipse.equinox.launcher_1.6.400.v20210924-0641.jar -configuration c:\Users\JULIO\AppData\Roaming\Code\User\globalStorage\redhat.java\1.12.0\config_ss_win -data c:\Users\JULIO\AppData\Roaming\Code\User\workspaceStorage\aaa6b2cc7e23fc04b601386eed926ab1\redhat.java\ss_ws

Host: Intel(R) Core(TM) i5-8265U CPU @ 1.60GHz, 8 cores, 7G,  Windows 11 , 64 bit Build 22621 (10.0.22621.755)
Time: Wed Nov 23 22:35:00 2022 Hora oficial do Brasil elapsed time: 1.975411 seconds (0d 0h 0m 1s)

---------------  T H R E A D  ---------------

Current thread (0x000001e4d7745d90):  JavaThread "C2 CompilerThread0" daemon [_thread_in_native, id=6848, stack(0x000000cc9e800000,0x000000cc9e900000)]


Current CompileTask:
C2:   1975 1458       4       lombok.patcher.scripts.AddFieldScript::patch (55 bytes)

Stack: [0x000000cc9e800000,0x000000cc9e900000]
Native frames: (J=compiled Java code, j=interpreted, Vv=VM code, C=native code)
V  [jvm.dll+0x67731a]
V  [jvm.dll+0x832284]
V  [jvm.dll+0x833a2e]
V  [jvm.dll+0x834093]
V  [jvm.dll+0x245775]
V  [jvm.dll+0xabd7b]
V  [jvm.dll+0xac30c]
V  [jvm.dll+0x2ac80f]
V  [jvm.dll+0x57dd77]
V  [jvm.dll+0x220892]
V  [jvm.dll+0x220c6f]
V  [jvm.dll+0x21a4d5]
V  [jvm.dll+0x21799b]
V  [jvm.dll+0x1a3f8d]
V  [jvm.dll+0x227498]
V  [jvm.dll+0x2255e5]
V  [jvm.dll+0x7e7e9b]
V  [jvm.dll+0x7e240a]
V  [jvm.dll+0x6761a5]
C  [ucrtbase.dll+0x29363]
C  [KERNEL32.DLL+0x1244d]
C  [ntdll.dll+0x5dfb8]


---------------  P R O C E S S  ---------------

Threads class SMR info:
_java_thread_list=0x000001e4d9a15550, length=17, elements={
0x000001e4c1dc5b40, 0x000001e4d5c45430, 0x000001e4d5c488c0, 0x000001e4d5c4af90,
0x000001e4d5c4ba50, 0x000001e4d5c4cda0, 0x000001e4d773cf40, 0x000001e4d7745d90,
0x000001e4d7749780, 0x000001e4d774b480, 0x000001e4d78d7190, 0x000001e4d78d4fe0,
0x000001e4d78d4170, 0x000001e4d78d4640, 0x000001e4d78d7660, 0x000001e4d78d3ca0,
0x000001e4d8bd7150
}

Java Threads: ( => current thread )
  0x000001e4c1dc5b40 JavaThread "main" [_thread_blocked, id=27384, stack(0x000000cc9df00000,0x000000cc9e000000)]
  0x000001e4d5c45430 JavaThread "Reference Handler" daemon [_thread_blocked, id=25308, stack(0x000000cc9e200000,0x000000cc9e300000)]
  0x000001e4d5c488c0 JavaThread "Finalizer" daemon [_thread_blocked, id=23372, stack(0x000000cc9e300000,0x000000cc9e400000)]
  0x000001e4d5c4af90 JavaThread "Signal Dispatcher" daemon [_thread_blocked, id=23236, stack(0x000000cc9e400000,0x000000cc9e500000)]
  0x000001e4d5c4ba50 JavaThread "Attach Listener" daemon [_thread_blocked, id=3848, stack(0x000000cc9e500000,0x000000cc9e600000)]
  0x000001e4d5c4cda0 JavaThread "Service Thread" daemon [_thread_blocked, id=25568, stack(0x000000cc9e600000,0x000000cc9e700000)]
  0x000001e4d773cf40 JavaThread "Monitor Deflation Thread" daemon [_thread_blocked, id=8504, stack(0x000000cc9e700000,0x000000cc9e800000)]
=>0x000001e4d7745d90 JavaThread "C2 CompilerThread0" daemon [_thread_in_native, id=6848, stack(0x000000cc9e800000,0x000000cc9e900000)]
  0x000001e4d7749780 JavaThread "C1 CompilerThread0" daemon [_thread_blocked, id=16564, stack(0x000000cc9e900000,0x000000cc9ea00000)]
  0x000001e4d774b480 JavaThread "Sweeper thread" daemon [_thread_blocked, id=16288, stack(0x000000cc9ea00000,0x000000cc9eb00000)]
  0x000001e4d78d7190 JavaThread "Common-Cleaner" daemon [_thread_blocked, id=28704, stack(0x000000cc9eb00000,0x000000cc9ec00000)]
  0x000001e4d78d4fe0 JavaThread "Notification Thread" daemon [_thread_blocked, id=20744, stack(0x000000cc9ec00000,0x000000cc9ed00000)]
  0x000001e4d78d4170 JavaThread "Active Thread: Equinox Container: 8938e1c3-82c4-470c-9521-3fa16195d34a" [_thread_blocked, id=24284, stack(0x000000cc9f300000,0x000000cc9f400000)]
  0x000001e4d78d4640 JavaThread "Framework Event Dispatcher: Equinox Container: 8938e1c3-82c4-470c-9521-3fa16195d34a" daemon [_thread_blocked, id=16616, stack(0x000000cc9f400000,0x000000cc9f500000)]
  0x000001e4d78d7660 JavaThread "Start Level: Equinox Container: 8938e1c3-82c4-470c-9521-3fa16195d34a" daemon [_thread_in_vm, id=20768, stack(0x000000cc9f500000,0x000000cc9f600000)]
  0x000001e4d78d3ca0 JavaThread "SCR Component Actor" daemon [_thread_blocked, id=22712, stack(0x000000cc9f600000,0x000000cc9f700000)]
  0x000001e4d8bd7150 JavaThread "C2 CompilerThread1" daemon [_thread_in_native, id=18516, stack(0x000000cc9f700000,0x000000cc9f800000)]

Other Threads:
  0x000001e4d5aec300 VMThread "VM Thread" [stack: 0x000000cc9e100000,0x000000cc9e200000] [id=29492]
  0x000001e4d79f21f0 WatcherThread [stack: 0x000000cc9ed00000,0x000000cc9ee00000] [id=25324]
  0x000001e4c1ddd970 GCTaskThread "GC Thread#0" [stack: 0x000000cc9e000000,0x000000cc9e100000] [id=26112]
  0x000001e4d8b48720 GCTaskThread "GC Thread#1" [stack: 0x000000cc9ee00000,0x000000cc9ef00000] [id=14428]
  0x000001e4d8da0010 GCTaskThread "GC Thread#2" [stack: 0x000000cc9ef00000,0x000000cc9f000000] [id=6244]
  0x000001e4d8da02c0 GCTaskThread "GC Thread#3" [stack: 0x000000cc9f000000,0x000000cc9f100000] [id=24100]
  0x000001e4d8e9d350 GCTaskThread "GC Thread#4" [stack: 0x000000cc9f100000,0x000000cc9f200000] [id=12560]
  0x000001e4d8e9d600 GCTaskThread "GC Thread#5" [stack: 0x000000cc9f200000,0x000000cc9f300000] [id=19748]
  0x000001e4bfb5cc20 GCTaskThread "GC Thread#6" [stack: 0x000000cc9f800000,0x000000cc9f900000] [id=10984]
  0x000001e4d8791f20 GCTaskThread "GC Thread#7" [stack: 0x000000cc9f900000,0x000000cc9fa00000] [id=4324]

Threads with active compile tasks:
C2 CompilerThread0     2095 1458       4       lombok.patcher.scripts.AddFieldScript::patch (55 bytes)
C2 CompilerThread1     2095 1584       4       java.lang.String::lastIndexOf (12 bytes)

VM state: not at safepoint (normal execution)

VM Mutex/Monitor currently owned by a thread: None

Heap address: 0x00000000c0000000, size: 1024 MB, Compressed Oops mode: 32-bit

CDS archive(s) not mapped
Compressed class space mapped at: 0x0000000100000000-0x0000000140000000, reserved size: 1073741824
Narrow klass base: 0x0000000000000000, Narrow klass shift: 3, Narrow klass range: 0x140000000

GC Precious Log:
 CPUs: 8 total, 8 available
 Memory: 8067M
 Large Page Support: Disabled
 NUMA Support: Disabled
 Compressed Oops: Enabled (32-bit)
 Alignments: Space 512K, Generation 512K, Heap 2M
 Heap Min Capacity: 100M
 Heap Initial Capacity: 100M
 Heap Max Capacity: 1G
 Pre-touch: Disabled
 Parallel Workers: 8

Heap:
 PSYoungGen      total 29696K, used 5300K [0x00000000eab00000, 0x00000000ecc00000, 0x0000000100000000)
  eden space 25600K, 4% used [0x00000000eab00000,0x00000000eac31c20,0x00000000ec400000)
  from space 4096K, 99% used [0x00000000ec800000,0x00000000ecbfb728,0x00000000ecc00000)
  to   space 4096K, 0% used [0x00000000ec400000,0x00000000ec400000,0x00000000ec800000)
 ParOldGen       total 68608K, used 748K [0x00000000c0000000, 0x00000000c4300000, 0x00000000eab00000)
  object space 68608K, 1% used [0x00000000c0000000,0x00000000c00bb360,0x00000000c4300000)
 Metaspace       used 15233K, committed 15424K, reserved 1064960K
  class space    used 1557K, committed 1664K, reserved 1048576K

Card table byte_map: [0x000001e4c1770000,0x000001e4c1980000] _byte_map_base: 0x000001e4c1170000

Marking Bits: (ParMarkBitMap*) 0x00007ffefd4f2cc0
 Begin Bits: [0x000001e4d3a50000, 0x000001e4d4a50000)
 End Bits:   [0x000001e4d4a50000, 0x000001e4d5a50000)

Polling page: 0x000001e4bfd00000

Metaspace:

Usage:
  Non-class:     13.36 MB used.
      Class:      1.52 MB used.
       Both:     14.88 MB used.

Virtual space:
  Non-class space:       16.00 MB reserved,      13.44 MB ( 84%) committed,  2 nodes.
      Class space:        1.00 GB reserved,       1.62 MB ( <1%) committed,  1 nodes.
             Both:        1.02 GB reserved,      15.06 MB (  1%) committed. 

Chunk freelists:
   Non-Class:  2.07 MB
       Class:  2.34 MB
        Both:  4.41 MB

MaxMetaspaceSize: unlimited
CompressedClassSpaceSize: 1.00 GB
Initial GC threshold: 21.00 MB
Current GC threshold: 21.00 MB
CDS: off
MetaspaceReclaimPolicy: balanced
 - commit_granule_bytes: 65536.
 - commit_granule_words: 8192.
 - virtual_space_node_default_size: 1048576.
 - enlarge_chunks_in_place: 1.
 - new_chunks_are_fully_committed: 0.
 - uncommit_free_chunks: 1.
 - use_allocation_guard: 0.
 - handle_deallocations: 1.


Internal statistics:

num_allocs_failed_limit: 0.
num_arena_births: 90.
num_arena_deaths: 0.
num_vsnodes_births: 3.
num_vsnodes_deaths: 0.
num_space_committed: 241.
num_space_uncommitted: 0.
num_chunks_returned_to_freelist: 0.
num_chunks_taken_from_freelist: 307.
num_chunk_merges: 0.
num_chunk_splits: 208.
num_chunks_enlarged: 163.
num_purges: 0.
num_inconsistent_stats: 0.

CodeHeap 'non-profiled nmethods': size=120000Kb used=549Kb max_used=549Kb free=119450Kb
 bounds [0x000001e4cc520000, 0x000001e4cc790000, 0x000001e4d3a50000]
CodeHeap 'profiled nmethods': size=120000Kb used=2948Kb max_used=2948Kb free=117051Kb
 bounds [0x000001e4c4ff0000, 0x000001e4c52e0000, 0x000001e4cc520000]
CodeHeap 'non-nmethods': size=5760Kb used=1160Kb max_used=1177Kb free=4599Kb
 bounds [0x000001e4c4a50000, 0x000001e4c4cc0000, 0x000001e4c4ff0000]
 total_blobs=2012 nmethods=1561 adapters=365
 compilation: enabled
              stopped_count=0, restarted_count=0
 full_count=0

Compilation events (20 events):
Event: 1.956 Thread 0x000001e4d7749780 nmethod 1452 0x000001e4c529fb90 code [0x000001e4c529fde0, 0x000001e4c52a0508]
Event: 1.956 Thread 0x000001e4d7749780 1453       3       jdk.internal.org.objectweb.asm.SymbolTable$Entry::<init> (20 bytes)
Event: 1.957 Thread 0x000001e4d7749780 nmethod 1453 0x000001e4c52a0910 code [0x000001e4c52a0aa0, 0x000001e4c52a0be8]
Event: 1.957 Thread 0x000001e4d7749780 1455       3       java.lang.invoke.DirectMethodHandle::allocateInstance (16 bytes)
Event: 1.957 Thread 0x000001e4d7749780 nmethod 1455 0x000001e4c52a0c90 code [0x000001e4c52a0e40, 0x000001e4c52a1068]
Event: 1.957 Thread 0x000001e4d7749780 1456       3       java.lang.invoke.DirectMethodHandle::constructorMethod (10 bytes)
Event: 1.957 Thread 0x000001e4d7749780 nmethod 1456 0x000001e4c52a1190 code [0x000001e4c52a1320, 0x000001e4c52a14f8]
Event: 1.957 Thread 0x000001e4d7749780 1457       3       java.net.URLClassLoader::isSealed (72 bytes)
Event: 1.958 Thread 0x000001e4d7745d90 1458       4       lombok.patcher.scripts.AddFieldScript::patch (55 bytes)
Event: 1.960 Thread 0x000001e4d7749780 nmethod 1457 0x000001e4c52a1610 code [0x000001e4c52a1a20, 0x000001e4c52a3548]
Event: 1.961 Thread 0x000001e4d7749780 1459       1       org.eclipse.osgi.internal.framework.EquinoxBundle::getModule (5 bytes)
Event: 1.961 Thread 0x000001e4d7749780 nmethod 1459 0x000001e4cc59d090 code [0x000001e4cc59d220, 0x000001e4cc59d2f8]
Event: 1.961 Thread 0x000001e4d7749780 1460       3       org.eclipse.osgi.internal.serviceregistry.FilteredServiceListener::serviceChanged (284 bytes)
Event: 1.964 Thread 0x000001e4d7749780 nmethod 1460 0x000001e4c52a4010 code [0x000001e4c52a4660, 0x000001e4c52a7458]
Event: 1.966 Thread 0x000001e4d7749780 1461       3       org.eclipse.osgi.container.ModuleDatabase::readLock (11 bytes)
Event: 1.966 Thread 0x000001e4d7749780 nmethod 1461 0x000001e4c52a8490 code [0x000001e4c52a8640, 0x000001e4c52a8848]
Event: 1.966 Thread 0x000001e4d7749780 1462       3       org.eclipse.osgi.container.ModuleDatabase::readUnlock (11 bytes)
Event: 1.967 Thread 0x000001e4d7749780 nmethod 1462 0x000001e4c52a8990 code [0x000001e4c52a8b60, 0x000001e4c52a8ed8]
Event: 1.967 Thread 0x000001e4d7749780 1463       3       java.lang.invoke.MethodType::toMethodDescriptorString (28 bytes)
Event: 1.967 Thread 0x000001e4d7749780 nmethod 1463 0x000001e4c52a9090 code [0x000001e4c52a9240, 0x000001e4c52a93e8]

GC Heap History (2 events):
Event: 1.278 GC heap before
{Heap before GC invocations=1 (full 0):
 PSYoungGen      total 29696K, used 25600K [0x00000000eab00000, 0x00000000ecc00000, 0x0000000100000000)
  eden space 25600K, 100% used [0x00000000eab00000,0x00000000ec400000,0x00000000ec400000)
  from space 4096K, 0% used [0x00000000ec800000,0x00000000ec800000,0x00000000ecc00000)
  to   space 4096K, 0% used [0x00000000ec400000,0x00000000ec400000,0x00000000ec800000)
 ParOldGen       total 68608K, used 0K [0x00000000c0000000, 0x00000000c4300000, 0x00000000eab00000)
  object space 68608K, 0% used [0x00000000c0000000,0x00000000c0000000,0x00000000c4300000)
 Metaspace       used 10825K, committed 10944K, reserved 1064960K
  class space    used 1089K, committed 1152K, reserved 1048576K
}
Event: 1.287 GC heap after
{Heap after GC invocations=1 (full 0):
 PSYoungGen      total 29696K, used 3224K [0x00000000eab00000, 0x00000000ecc00000, 0x0000000100000000)
  eden space 25600K, 0% used [0x00000000eab00000,0x00000000eab00000,0x00000000ec400000)
  from space 4096K, 78% used [0x00000000ec400000,0x00000000ec726218,0x00000000ec800000)
  to   space 4096K, 0% used [0x00000000ec800000,0x00000000ec800000,0x00000000ecc00000)
 ParOldGen       total 68608K, used 16K [0x00000000c0000000, 0x00000000c4300000, 0x00000000eab00000)
  object space 68608K, 0% used [0x00000000c0000000,0x00000000c0004000,0x00000000c4300000)
 Metaspace       used 10825K, committed 10944K, reserved 1064960K
  class space    used 1089K, committed 1152K, reserved 1048576K
}

Deoptimization events (20 events):
Event: 1.340 Thread 0x000001e4c1dc5b40 Uncommon trap: trap_request=0xffffff45 fr.pc=0x000001e4cc54e114 relative=0x0000000000000074
Event: 1.340 Thread 0x000001e4c1dc5b40 Uncommon trap: reason=unstable_if action=reinterpret pc=0x000001e4cc54e114 method=lombok.patcher.scripts.MethodLevelPatchScript.patch(Ljava/lang/String;[BLlombok/patcher/TransplantMapper;)[B @ 8 c2
Event: 1.340 Thread 0x000001e4c1dc5b40 DEOPT PACKING pc=0x000001e4cc54e114 sp=0x000000cc9dff8380
Event: 1.340 Thread 0x000001e4c1dc5b40 DEOPT UNPACKING pc=0x000001e4c4aa20a3 sp=0x000000cc9dff8310 mode 2
Event: 1.496 Thread 0x000001e4c1dc5b40 Uncommon trap: trap_request=0xffffff45 fr.pc=0x000001e4cc557f04 relative=0x00000000000002c4
Event: 1.496 Thread 0x000001e4c1dc5b40 Uncommon trap: reason=unstable_if action=reinterpret pc=0x000001e4cc557f04 method=java.lang.invoke.VarHandle.checkExactAccessMode(Ljava/lang/invoke/VarHandle$AccessDescriptor;)V @ 4 c2
Event: 1.496 Thread 0x000001e4c1dc5b40 DEOPT PACKING pc=0x000001e4cc557f04 sp=0x000000cc9dffe1b0
Event: 1.496 Thread 0x000001e4c1dc5b40 DEOPT UNPACKING pc=0x000001e4c4aa20a3 sp=0x000000cc9dffe180 mode 2
Event: 1.603 Thread 0x000001e4c1dc5b40 Uncommon trap: trap_request=0xffffffde fr.pc=0x000001e4cc574820 relative=0x00000000000009e0
Event: 1.603 Thread 0x000001e4c1dc5b40 Uncommon trap: reason=class_check action=maybe_recompile pc=0x000001e4cc574820 method=java.util.HashMap.putVal(ILjava/lang/Object;Ljava/lang/Object;ZZ)Ljava/lang/Object; @ 253 c2
Event: 1.603 Thread 0x000001e4c1dc5b40 DEOPT PACKING pc=0x000001e4cc574820 sp=0x000000cc9dffdc70
Event: 1.603 Thread 0x000001e4c1dc5b40 DEOPT UNPACKING pc=0x000001e4c4aa20a3 sp=0x000000cc9dffdb98 mode 2
Event: 1.605 Thread 0x000001e4c1dc5b40 Uncommon trap: trap_request=0xffffffde fr.pc=0x000001e4cc574820 relative=0x00000000000009e0
Event: 1.605 Thread 0x000001e4c1dc5b40 Uncommon trap: reason=class_check action=maybe_recompile pc=0x000001e4cc574820 method=java.util.HashMap.putVal(ILjava/lang/Object;Ljava/lang/Object;ZZ)Ljava/lang/Object; @ 253 c2
Event: 1.605 Thread 0x000001e4c1dc5b40 DEOPT PACKING pc=0x000001e4cc574820 sp=0x000000cc9dffdc70
Event: 1.605 Thread 0x000001e4c1dc5b40 DEOPT UNPACKING pc=0x000001e4c4aa20a3 sp=0x000000cc9dffdb98 mode 2
Event: 1.607 Thread 0x000001e4c1dc5b40 Uncommon trap: trap_request=0xffffffde fr.pc=0x000001e4cc582a8c relative=0x000000000000094c
Event: 1.607 Thread 0x000001e4c1dc5b40 Uncommon trap: reason=class_check action=maybe_recompile pc=0x000001e4cc582a8c method=java.util.HashMap.putVal(ILjava/lang/Object;Ljava/lang/Object;ZZ)Ljava/lang/Object; @ 253 c2
Event: 1.607 Thread 0x000001e4c1dc5b40 DEOPT PACKING pc=0x000001e4cc582a8c sp=0x000000cc9dffdaf0
Event: 1.607 Thread 0x000001e4c1dc5b40 DEOPT UNPACKING pc=0x000001e4c4aa20a3 sp=0x000000cc9dffdaa0 mode 2

Classes unloaded (0 events):
No events

Classes redefined (0 events):
No events

Internal exceptions (20 events):
Event: 0.754 Thread 0x000001e4c1dc5b40 Exception <a 'java/io/FileNotFoundException'{0x00000000eb737940}> (0x00000000eb737940) 
thrown [s\src\hotspot\share\prims\jni.cpp, line 516]
Event: 0.755 Thread 0x000001e4c1dc5b40 Exception <a 'java/io/FileNotFoundException'{0x00000000eb738688}> (0x00000000eb738688) 
thrown [s\src\hotspot\share\prims\jni.cpp, line 516]
Event: 0.755 Thread 0x000001e4c1dc5b40 Exception <a 'java/io/FileNotFoundException'{0x00000000eb7393b0}> (0x00000000eb7393b0) 
thrown [s\src\hotspot\share\prims\jni.cpp, line 516]
Event: 0.756 Thread 0x000001e4c1dc5b40 Exception <a 'java/io/FileNotFoundException'{0x00000000eb73a0a8}> (0x00000000eb73a0a8) 
thrown [s\src\hotspot\share\prims\jni.cpp, line 516]
Event: 0.762 Thread 0x000001e4c1dc5b40 Implicit null exception at 0x000001e4cc541cf2 to 0x000001e4cc542240
Event: 0.766 Thread 0x000001e4c1dc5b40 Exception <a 'java/io/FileNotFoundException'{0x00000000eb77ae50}> (0x00000000eb77ae50) 
thrown [s\src\hotspot\share\prims\jni.cpp, line 516]
Event: 1.037 Thread 0x000001e4c1dc5b40 Exception <a 'java/lang/ClassNotFoundException'{0x00000000ebf71f98}: sun/net/www/protocol/c/Handler> (0x00000000ebf71f98) 
thrown [s\src\hotspot\share\classfile\systemDictionary.cpp, line 256]
Event: 1.038 Thread 0x000001e4c1dc5b40 Exception <a 'java/lang/ClassNotFoundException'{0x00000000ebf73398}: sun/net/www/protocol/c/Handler> (0x00000000ebf73398) 
thrown [s\src\hotspot\share\classfile\systemDictionary.cpp, line 256]
Event: 1.038 Thread 0x000001e4c1dc5b40 Exception <a 'java/lang/ClassNotFoundException'{0x00000000ebf74650}: sun/net/www/protocol/c/Handler> (0x00000000ebf74650) 
thrown [s\src\hotspot\share\classfile\systemDictionary.cpp, line 256]
Event: 1.046 Thread 0x000001e4c1dc5b40 Exception <a 'java/io/FileNotFoundException'{0x00000000ebf93398}> (0x00000000ebf93398) 
thrown [s\src\hotspot\share\prims\jni.cpp, line 516]
Event: 1.149 Thread 0x000001e4c1dc5b40 Exception <a 'java/lang/NoSuchMethodError'{0x00000000ec2650f8}: 'int java.lang.invoke.DirectMethodHandle$Holder.invokeStaticInit(java.lang.Object, java.lang.Object, java.lang.Object, java.lang.Object)'> (0x00000000ec2650f8) 
thrown [s\src\hotspot\share\interpreter\linkResolver.cpp, line 759]
Event: 1.151 Thread 0x000001e4c1dc5b40 Exception <a 'java/lang/NoSuchMethodError'{0x00000000ec26f768}: 'java.lang.Object java.lang.invoke.DirectMethodHandle$Holder.invokeInterface(java.lang.Object, java.lang.Object)'> (0x00000000ec26f768) 
thrown [s\src\hotspot\share\interpreter\linkResolver.cpp, line 759]
Event: 1.152 Thread 0x000001e4c1dc5b40 Exception <a 'java/lang/IncompatibleClassChangeError'{0x00000000ec272f60}: Found class java.lang.Object, but interface was expected> (0x00000000ec272f60) 
thrown [s\src\hotspot\share\interpreter\linkResolver.cpp, line 826]
Event: 1.153 Thread 0x000001e4c1dc5b40 Exception <a 'java/lang/NoSuchMethodError'{0x00000000ec277458}: 'void java.lang.invoke.DirectMethodHandle$Holder.invokeStatic(java.lang.Object, java.lang.Object)'> (0x00000000ec277458) 
thrown [s\src\hotspot\share\interpreter\linkResolver.cpp, line 759]
Event: 1.154 Thread 0x000001e4c1dc5b40 Exception <a 'java/lang/NoSuchMethodError'{0x00000000ec27ac58}: 'void java.lang.invoke.DirectMethodHandle$Holder.invokeStaticInit(java.lang.Object, java.lang.Object)'> (0x00000000ec27ac58) 
thrown [s\src\hotspot\share\interpreter\linkResolver.cpp, line 759]
Event: 1.155 Thread 0x000001e4c1dc5b40 Exception <a 'java/lang/NoSuchMethodError'{0x00000000ec282070}: 'int java.lang.invoke.DirectMethodHandle$Holder.invokeStaticInit(java.lang.Object, java.lang.Object)'> (0x00000000ec282070) 
thrown [s\src\hotspot\share\interpreter\linkResolver.cpp, line 759]
Event: 1.269 Thread 0x000001e4c1dc5b40 Exception <a 'java/lang/NoSuchMethodError'{0x00000000ec3aa0b8}: 'void java.lang.invoke.DirectMethodHandle$Holder.invokeSpecial(java.lang.Object, java.lang.Object, java.lang.Object)'> (0x00000000ec3aa0b8) 
thrown [s\src\hotspot\share\interpreter\linkResolver.cpp, line 759]
Event: 1.581 Thread 0x000001e4c1dc5b40 Exception <a 'java/lang/NoSuchMethodError'{0x00000000eb6a1fb8}: 'java.lang.Object java.lang.invoke.DirectMethodHandle$Holder.newInvokeSpecial(java.lang.Object, int, java.lang.Object)'> (0x00000000eb6a1fb8) 
thrown [s\src\hotspot\share\interpreter\linkResolver.cpp, line 759]
Event: 1.844 Thread 0x000001e4c1dc5b40 Exception <a 'java/lang/UnsatisfiedLinkError'{0x00000000ebbd00c0}: 'void org.eclipse.equinox.launcher.JNIBridge._update_splash()'> (0x00000000ebbd00c0) 
thrown [s\src\hotspot\share\prims\nativeLookup.cpp, line 543]
Event: 1.951 Thread 0x000001e4d78d7660 Exception <a 'java/lang/NoSuchMethodError'{0x00000000ebe7f338}: 'java.lang.Object java.lang.invoke.DirectMethodHandle$Holder.invokeStaticInit(java.lang.Object)'> (0x00000000ebe7f338) 
thrown [s\src\hotspot\share\interpreter\linkResolver.cpp, line 759]

VM Operations (20 events):
Event: 0.224 Executing VM operation: HandshakeAllThreads
Event: 0.224 Executing VM operation: HandshakeAllThreads done
Event: 0.327 Executing VM operation: HandshakeAllThreads
Event: 0.327 Executing VM operation: HandshakeAllThreads done
Event: 0.707 Executing VM operation: HandshakeAllThreads
Event: 0.707 Executing VM operation: HandshakeAllThreads done
Event: 1.019 Executing VM operation: HandshakeAllThreads
Event: 1.019 Executing VM operation: HandshakeAllThreads done
Event: 1.272 Executing VM operation: ICBufferFull
Event: 1.272 Executing VM operation: ICBufferFull done
Event: 1.278 Executing VM operation: ParallelGCFailedAllocation
Event: 1.287 Executing VM operation: ParallelGCFailedAllocation done
Event: 1.542 Executing VM operation: HandshakeAllThreads
Event: 1.542 Executing VM operation: HandshakeAllThreads done
Event: 1.543 Executing VM operation: HandshakeAllThreads
Event: 1.543 Executing VM operation: HandshakeAllThreads done
Event: 1.550 Executing VM operation: HandshakeAllThreads
Event: 1.550 Executing VM operation: HandshakeAllThreads done
Event: 1.573 Executing VM operation: HandshakeAllThreads
Event: 1.573 Executing VM operation: HandshakeAllThreads done

Events (20 events):
Event: 1.892 Loaded shared library C:\Users\JULIO\AppData\Roaming\Code\User\globalStorage\redhat.java\1.12.0\config_ss_win\org.eclipse.equinox.launcher\org.eclipse.equinox.launcher.win32.win32.x86_64_1.2.600.v20220720-1916\eclipse_11700.dll
Event: 1.893 loading class java/util/concurrent/locks/AbstractQueuedSynchronizer$SharedNode
Event: 1.893 loading class java/util/concurrent/locks/AbstractQueuedSynchronizer$SharedNode done
Event: 1.894 loading class java/util/concurrent/CountDownLatch
Event: 1.894 loading class java/util/concurrent/CountDownLatch done
Event: 1.894 loading class java/util/concurrent/CountDownLatch$Sync
Event: 1.894 loading class java/util/concurrent/CountDownLatch$Sync done
Event: 1.919 loading class java/lang/IllegalAccessError
Event: 1.919 loading class java/lang/IllegalAccessError done
Event: 1.927 loading class java/util/TimerTask
Event: 1.928 loading class java/util/TimerTask done
Event: 1.932 Thread 0x000001e4d78d3ca0 Thread added: 0x000001e4d78d3ca0
Event: 1.934 loading class java/util/MissingResourceException
Event: 1.934 loading class java/util/MissingResourceException done
Event: 1.963 loading class java/util/concurrent/ConcurrentLinkedQueue
Event: 1.963 loading class java/util/concurrent/ConcurrentLinkedQueue done
Event: 1.963 loading class java/util/concurrent/ConcurrentLinkedQueue$Node
Event: 1.964 loading class java/util/concurrent/ConcurrentLinkedQueue$Node done
Event: 1.967 loading class sun/invoke/util/VerifyAccess$1
Event: 1.967 loading class sun/invoke/util/VerifyAccess$1 done


Dynamic libraries:
0x00007ff7abca0000 - 0x00007ff7abcae000 	c:\Users\JULIO\.vscode\extensions\redhat.java-1.12.0-win32-x64\jre\17.0.4.1-win32-x86_64\bin\java.exe
0x00007fff96ab0000 - 0x00007fff96cc4000 	C:\WINDOWS\SYSTEM32\ntdll.dll
0x00007fff8b270000 - 0x00007fff8b287000 	C:\Program Files\Avast Software\Avast\aswhook.dll
0x00007fff96570000 - 0x00007fff96632000 	C:\WINDOWS\System32\KERNEL32.DLL
0x00007fff94300000 - 0x00007fff9469d000 	C:\WINDOWS\System32\KERNELBASE.dll
0x00007fff94760000 - 0x00007fff94871000 	C:\WINDOWS\System32\ucrtbase.dll
0x00007fff7b350000 - 0x00007fff7b368000 	c:\Users\JULIO\.vscode\extensions\redhat.java-1.12.0-win32-x64\jre\17.0.4.1-win32-x86_64\bin\jli.dll
0x00007fff96640000 - 0x00007fff967ea000 	C:\WINDOWS\System32\USER32.dll
0x00007fff94880000 - 0x00007fff948a6000 	C:\WINDOWS\System32\win32u.dll
0x00007fff967f0000 - 0x00007fff96819000 	C:\WINDOWS\System32\GDI32.dll
0x00007fff94140000 - 0x00007fff94252000 	C:\WINDOWS\System32\gdi32full.dll
0x00007fff94260000 - 0x00007fff942fa000 	C:\WINDOWS\System32\msvcp_win.dll
0x00007fff76cb0000 - 0x00007fff76cc9000 	c:\Users\JULIO\.vscode\extensions\redhat.java-1.12.0-win32-x64\jre\17.0.4.1-win32-x86_64\bin\VCRUNTIME140.dll
0x00007fff74050000 - 0x00007fff742de000 	C:\WINDOWS\WinSxS\amd64_microsoft.windows.common-controls_6595b64144ccf1df_6.0.22621.608_none_a9444ca7c10bb01d\COMCTL32.dll
0x00007fff948b0000 - 0x00007fff94957000 	C:\WINDOWS\System32\msvcrt.dll
0x00007fff96940000 - 0x00007fff96972000 	C:\WINDOWS\System32\IMM32.DLL
0x00007fff838b0000 - 0x00007fff838bc000 	c:\Users\JULIO\.vscode\extensions\redhat.java-1.12.0-win32-x64\jre\17.0.4.1-win32-x86_64\bin\vcruntime140_1.dll
0x00007fff5a940000 - 0x00007fff5a9d1000 	c:\Users\JULIO\.vscode\extensions\redhat.java-1.12.0-win32-x64\jre\17.0.4.1-win32-x86_64\bin\msvcp140.dll
0x00007ffefc970000 - 0x00007ffefd5b6000 	c:\Users\JULIO\.vscode\extensions\redhat.java-1.12.0-win32-x64\jre\17.0.4.1-win32-x86_64\bin\server\jvm.dll
0x00007fff95220000 - 0x00007fff952ce000 	C:\WINDOWS\System32\ADVAPI32.dll
0x00007fff94df0000 - 0x00007fff94e94000 	C:\WINDOWS\System32\sechost.dll
0x00007fff950f0000 - 0x00007fff95205000 	C:\WINDOWS\System32\RPCRT4.dll
0x00007fff94960000 - 0x00007fff94968000 	C:\WINDOWS\System32\PSAPI.DLL
0x00007fff84120000 - 0x00007fff84129000 	C:\WINDOWS\SYSTEM32\WSOCK32.dll
0x00007fff95df0000 - 0x00007fff95e61000 	C:\WINDOWS\System32\WS2_32.dll
0x00007fff89e00000 - 0x00007fff89e34000 	C:\WINDOWS\SYSTEM32\WINMM.dll
0x00007fff8a790000 - 0x00007fff8a79a000 	C:\WINDOWS\SYSTEM32\VERSION.dll
0x00007fff92f50000 - 0x00007fff92f68000 	C:\WINDOWS\SYSTEM32\kernel.appcore.dll
0x00007fff83590000 - 0x00007fff8359a000 	c:\Users\JULIO\.vscode\extensions\redhat.java-1.12.0-win32-x64\jre\17.0.4.1-win32-x86_64\bin\jimage.dll
0x00007fff91ad0000 - 0x00007fff91cfe000 	C:\WINDOWS\SYSTEM32\DBGHELP.DLL
0x00007fff94970000 - 0x00007fff94cfa000 	C:\WINDOWS\System32\combase.dll
0x00007fff95530000 - 0x00007fff95607000 	C:\WINDOWS\System32\OLEAUT32.dll
0x00007fff89630000 - 0x00007fff89662000 	C:\WINDOWS\SYSTEM32\dbgcore.DLL
0x00007fff93f50000 - 0x00007fff93fcb000 	C:\WINDOWS\System32\bcryptPrimitives.dll
0x00007fff7f000000 - 0x00007fff7f00e000 	c:\Users\JULIO\.vscode\extensions\redhat.java-1.12.0-win32-x64\jre\17.0.4.1-win32-x86_64\bin\instrument.dll
0x00007fff718f0000 - 0x00007fff71915000 	c:\Users\JULIO\.vscode\extensions\redhat.java-1.12.0-win32-x64\jre\17.0.4.1-win32-x86_64\bin\java.dll
0x00007fff73e90000 - 0x00007fff73ea8000 	c:\Users\JULIO\.vscode\extensions\redhat.java-1.12.0-win32-x64\jre\17.0.4.1-win32-x86_64\bin\zip.dll
0x00007fff95610000 - 0x00007fff95df0000 	C:\WINDOWS\System32\SHELL32.dll
0x00007fff91f20000 - 0x00007fff927e5000 	C:\WINDOWS\SYSTEM32\windows.storage.dll
0x00007fff91de0000 - 0x00007fff91f1e000 	C:\WINDOWS\SYSTEM32\wintypes.dll
0x00007fff95e70000 - 0x00007fff95f61000 	C:\WINDOWS\System32\SHCORE.dll
0x00007fff96090000 - 0x00007fff960ee000 	C:\WINDOWS\System32\shlwapi.dll
0x00007fff93e10000 - 0x00007fff93e31000 	C:\WINDOWS\SYSTEM32\profapi.dll
0x00007fff71460000 - 0x00007fff71479000 	C:\Users\JULIO\.vscode\extensions\redhat.java-1.12.0-win32-x64\jre\17.0.4.1-win32-x86_64\bin\net.dll
0x00007fff89a30000 - 0x00007fff89b5f000 	C:\WINDOWS\SYSTEM32\WINHTTP.dll
0x00007fff933b0000 - 0x00007fff93419000 	C:\WINDOWS\system32\mswsock.dll
0x00007fff6dd40000 - 0x00007fff6dd55000 	C:\Users\JULIO\.vscode\extensions\redhat.java-1.12.0-win32-x64\jre\17.0.4.1-win32-x86_64\bin\nio.dll
0x00007fff7ee90000 - 0x00007fff7eea0000 	c:\Users\JULIO\.vscode\extensions\redhat.java-1.12.0-win32-x64\jre\17.0.4.1-win32-x86_64\bin\verify.dll
0x00007fff7e5a0000 - 0x00007fff7e5de000 	C:\Users\JULIO\AppData\Roaming\Code\User\globalStorage\redhat.java\1.12.0\config_ss_win\org.eclipse.equinox.launcher\org.eclipse.equinox.launcher.win32.win32.x86_64_1.2.600.v20220720-1916\eclipse_11700.dll
0x00007fff94f00000 - 0x00007fff9509c000 	C:\WINDOWS\System32\ole32.dll

dbghelp: loaded successfully - version: 4.0.5 - missing functions: none
symbol engine: initialized successfully - sym options: 0x614 - pdb path: .;c:\Users\JULIO\.vscode\extensions\redhat.java-1.12.0-win32-x64\jre\17.0.4.1-win32-x86_64\bin;C:\WINDOWS\SYSTEM32;C:\Program Files\Avast Software\Avast;C:\WINDOWS\WinSxS\amd64_microsoft.windows.common-controls_6595b64144ccf1df_6.0.22621.608_none_a9444ca7c10bb01d;c:\Users\JULIO\.vscode\extensions\redhat.java-1.12.0-win32-x64\jre\17.0.4.1-win32-x86_64\bin\server;C:\Users\JULIO\AppData\Roaming\Code\User\globalStorage\redhat.java\1.12.0\config_ss_win\org.eclipse.equinox.launcher\org.eclipse.equinox.launcher.win32.win32.x86_64_1.2.600.v20220720-1916

VM Arguments:
jvm_args: --add-modules=ALL-SYSTEM --add-opens=java.base/java.util=ALL-UNNAMED --add-opens=java.base/java.lang=ALL-UNNAMED --add-opens=java.base/sun.nio.fs=ALL-UNNAMED -Declipse.application=org.eclipse.jdt.ls.core.id1 -Dosgi.bundles.defaultStartLevel=4 -Declipse.product=org.eclipse.jdt.ls.core.product -Djava.import.generatesMetadataFilesAtProjectRoot=false -Dfile.encoding=utf8 -XX:+UseParallelGC -XX:GCTimeRatio=4 -XX:AdaptiveSizePolicyWeight=90 -Dsun.zip.disableMemoryMapping=true -Xmx1G -Xms100m -Xlog:disable -javaagent:c:\Users\JULIO\.vscode\extensions\redhat.java-1.12.0-win32-x64\lombok\lombok-1.18.24.jar 
java_command: c:\Users\JULIO\.vscode\extensions\redhat.java-1.12.0-win32-x64\server\plugins\org.eclipse.equinox.launcher_1.6.400.v20210924-0641.jar -configuration c:\Users\JULIO\AppData\Roaming\Code\User\globalStorage\redhat.java\1.12.0\config_ss_win -data c:\Users\JULIO\AppData\Roaming\Code\User\workspaceStorage\aaa6b2cc7e23fc04b601386eed926ab1\redhat.java\ss_ws
java_class_path (initial): c:\Users\JULIO\.vscode\extensions\redhat.java-1.12.0-win32-x64\server\plugins\org.eclipse.equinox.launcher_1.6.400.v20210924-0641.jar
Launcher Type: SUN_STANDARD

[Global flags]
    uintx AdaptiveSizePolicyWeight                 = 90                                        {product} {command line}
     intx CICompilerCount                          = 4                                         {product} {ergonomic}
    uintx GCTimeRatio                              = 4                                         {product} {command line}
   size_t InitialHeapSize                          = 104857600                                 {product} {command line}
   size_t MaxHeapSize                              = 1073741824                                {product} {command line}
   size_t MaxNewSize                               = 357564416                                 {product} {ergonomic}
   size_t MinHeapDeltaBytes                        = 524288                                    {product} {ergonomic}
   size_t MinHeapSize                              = 104857600                                 {product} {command line}
   size_t NewSize                                  = 34603008                                  {product} {ergonomic}
    uintx NonNMethodCodeHeapSize                   = 5839372                                {pd product} {ergonomic}
    uintx NonProfiledCodeHeapSize                  = 122909434                              {pd product} {ergonomic}
   size_t OldSize                                  = 70254592                                  {product} {ergonomic}
    uintx ProfiledCodeHeapSize                     = 122909434                              {pd product} {ergonomic}
    uintx ReservedCodeCacheSize                    = 251658240                              {pd product} {ergonomic}
     bool SegmentedCodeCache                       = true                                      {product} {ergonomic}
   size_t SoftMaxHeapSize                          = 1073741824                             {manageable} {ergonomic}
     bool UseCompressedClassPointers               = true                           {product lp64_product} {ergonomic}
     bool UseCompressedOops                        = true                           {product lp64_product} {ergonomic}
     bool UseLargePagesIndividualAllocation        = false                                  {pd product} {ergonomic}
     bool UseParallelGC                            = true                                      {product} {command line}

Logging:
Log output configuration:
 #0: stdout all=off uptime,level,tags
 #1: stderr all=off uptime,level,tags

Environment Variables:
JAVA_HOME=C:\Program Files\Java\jdk-11.0.16
PATH=C:\Program Files\Common Files\Oracle\Java\javapath;C:\WINDOWS\system32;C:\WINDOWS;C:\WINDOWS\System32\Wbem;C:\WINDOWS\System32\WindowsPowerShell\v1.0\;C:\WINDOWS\System32\OpenSSH\;C:\ProgramData\UNIVALI\Portugol Studio;C:\Program Files\nodejs\;C:\Program Files\Java\jdk-11.0.16\bin;C:\Program Files\Maven\apache-maven-3.8.6\bin;C:\Users\JULIO\AppData\Local\Microsoft\WindowsApps;;C:\Users\JULIO\AppData\Local\Programs\Microsoft VS Code\bin;C:\Users\JULIO\AppData\Roaming\npm
USERNAME=JULIO
OS=Windows_NT
PROCESSOR_IDENTIFIER=Intel64 Family 6 Model 142 Stepping 12, GenuineIntel
TMP=C:\Users\JULIO\AppData\Local\Temp
TEMP=C:\Users\JULIO\AppData\Local\Temp



---------------  S Y S T E M  ---------------

OS:
 Windows 11 , 64 bit Build 22621 (10.0.22621.755)
OS uptime: 11 days 11:27 hours

CPU: total 8 (initial active 8) (4 cores per cpu, 2 threads per core) family 6 model 142 stepping 12 microcode 0xf0, cx8, cmov, fxsr, ht, mmx, 3dnowpref, sse, sse2, sse3, ssse3, sse4.1, sse4.2, popcnt, lzcnt, tsc, tscinvbit, avx, avx2, aes, erms, clmul, bmi1, bmi2, adx, fma, vzeroupper, clflush, clflushopt

Memory: 4k page, system-wide physical 8067M (422M free)
TotalPageFile size 22250M (AvailPageFile size 116M)
current process WorkingSet (physical memory assigned to process): 90M, peak: 90M
current process commit charge ("private bytes"): 205M, peak: 205M

vm_info: OpenJDK 64-Bit Server VM (17.0.4.1+1) for windows-amd64 JRE (17.0.4.1+1), built on Aug 17 2022 07:42:43 by "temurin" with MS VC++ 16.7 (VS2019)

END.
