#
# There is insufficient memory for the Java Runtime Environment to continue.
# Native memory allocation (malloc) failed to allocate 194128 bytes for Chunk::new
# Possible reasons:
#   The system is out of physical RAM or swap space
#   The process is running with CompressedOops enabled, and the Java Heap may be blocking the growth of the native heap
# Possible solutions:
#   Reduce memory load on the system
#   Increase physical memory or swap space
#   Check if swap backing store is full
#   Decrease Java heap size (-Xmx/-Xms)
#   Decrease number of Java threads
#   Decrease Java thread stack sizes (-Xss)
#   Set larger code cache with -XX:ReservedCodeCacheSize=
#   JVM is running with Unscaled Compressed Oops mode in which the Java heap is
#     placed in the first 4GB address space. The Java Heap base address is the
#     maximum limit for the native heap growth. Please use -XX:HeapBaseMinAddress
#     to set the Java Heap base and to place the Java Heap above 4GB virtual address.
# This output file may be truncated or incomplete.
#
#  Out of Memory Error (arena.cpp:189), pid=29556, tid=21064
#
# JRE version: OpenJDK Runtime Environment Temurin-17.0.4.1+1 (17.0.4.1+1) (build 17.0.4.1+1)
# Java VM: OpenJDK 64-Bit Server VM Temurin-17.0.4.1+1 (17.0.4.1+1, mixed mode, tiered, compressed oops, compressed class ptrs, parallel gc, windows-amd64)
# No core dump will be written. Minidumps are not enabled by default on client versions of Windows
#

---------------  S U M M A R Y ------------

Command Line: --add-modules=ALL-SYSTEM --add-opens=java.base/java.util=ALL-UNNAMED --add-opens=java.base/java.lang=ALL-UNNAMED --add-opens=java.base/sun.nio.fs=ALL-UNNAMED -Declipse.application=org.eclipse.jdt.ls.core.id1 -Dosgi.bundles.defaultStartLevel=4 -Declipse.product=org.eclipse.jdt.ls.core.product -Djava.import.generatesMetadataFilesAtProjectRoot=false -Dfile.encoding=utf8 -XX:+UseParallelGC -XX:GCTimeRatio=4 -XX:AdaptiveSizePolicyWeight=90 -Dsun.zip.disableMemoryMapping=true -Xmx1G -Xms100m -Xlog:disable -javaagent:c:\Users\JULIO\.vscode\extensions\redhat.java-1.12.0-win32-x64\lombok\lombok-1.18.24.jar -XX:+HeapDumpOnOutOfMemoryError -XX:HeapDumpPath=c:\Users\JULIO\AppData\Roaming\Code\User\workspaceStorage\aaa6b2cc7e23fc04b601386eed926ab1\redhat.java c:\Users\JULIO\.vscode\extensions\redhat.java-1.12.0-win32-x64\server\plugins\org.eclipse.equinox.launcher_1.6.400.v20210924-0641.jar -configuration c:\Users\JULIO\AppData\Roaming\Code\User\globalStorage\redhat.java\1.12.0\config_win -data c:\Users\JULIO\AppData\Roaming\Code\User\workspaceStorage\aaa6b2cc7e23fc04b601386eed926ab1\redhat.java\jdt_ws

Host: Intel(R) Core(TM) i5-8265U CPU @ 1.60GHz, 8 cores, 7G,  Windows 11 , 64 bit Build 22621 (10.0.22621.755)
Time: Wed Nov 23 22:35:00 2022 Hora oficial do Brasil elapsed time: 1.741351 seconds (0d 0h 0m 1s)

---------------  T H R E A D  ---------------

Current thread (0x0000025478187b10):  JavaThread "C2 CompilerThread0" daemon [_thread_in_native, id=21064, stack(0x000000808cc00000,0x000000808cd00000)]


Current CompileTask:
C2:   1741 1416       4       java.io.WinNTFileSystem::normalize (143 bytes)

Stack: [0x000000808cc00000,0x000000808cd00000]
Native frames: (J=compiled Java code, j=interpreted, Vv=VM code, C=native code)
V  [jvm.dll+0x67731a]
V  [jvm.dll+0x832284]
V  [jvm.dll+0x833a2e]
V  [jvm.dll+0x834093]
V  [jvm.dll+0x245775]
V  [jvm.dll+0xabd7b]
V  [jvm.dll+0xac30c]
V  [jvm.dll+0x11dbb7]
V  [jvm.dll+0x6096a5]
V  [jvm.dll+0x607d74]
V  [jvm.dll+0x2184f8]
V  [jvm.dll+0x217aa1]
V  [jvm.dll+0x1a3f8d]
V  [jvm.dll+0x227498]
V  [jvm.dll+0x2255e5]
V  [jvm.dll+0x7e7e9b]
V  [jvm.dll+0x7e240a]
V  [jvm.dll+0x6761a5]
C  [ucrtbase.dll+0x29363]
C  [KERNEL32.DLL+0x1244d]
C  [ntdll.dll+0x5dfb8]


---------------  P R O C E S S  ---------------

Threads class SMR info:
_java_thread_list=0x00000254798add00, length=15, elements={
0x000002546f8d7310, 0x00000254766a7030, 0x00000254766a8f20, 0x0000025478175f20,
0x00000254781768e0, 0x000002547817dbd0, 0x0000025478180540, 0x0000025478187b10,
0x000002547818c0f0, 0x000002547818c600, 0x00000254782625c0, 0x00000254784d0420,
0x000002547965f500, 0x000002547938d400, 0x000002547b3d8070
}

Java Threads: ( => current thread )
  0x000002546f8d7310 JavaThread "main" [_thread_blocked, id=18844, stack(0x000000808c300000,0x000000808c400000)]
  0x00000254766a7030 JavaThread "Reference Handler" daemon [_thread_blocked, id=5276, stack(0x000000808c600000,0x000000808c700000)]
  0x00000254766a8f20 JavaThread "Finalizer" daemon [_thread_blocked, id=29004, stack(0x000000808c700000,0x000000808c800000)]
  0x0000025478175f20 JavaThread "Signal Dispatcher" daemon [_thread_blocked, id=26304, stack(0x000000808c800000,0x000000808c900000)]
  0x00000254781768e0 JavaThread "Attach Listener" daemon [_thread_blocked, id=18888, stack(0x000000808c900000,0x000000808ca00000)]
  0x000002547817dbd0 JavaThread "Service Thread" daemon [_thread_blocked, id=21980, stack(0x000000808ca00000,0x000000808cb00000)]
  0x0000025478180540 JavaThread "Monitor Deflation Thread" daemon [_thread_blocked, id=6504, stack(0x000000808cb00000,0x000000808cc00000)]
=>0x0000025478187b10 JavaThread "C2 CompilerThread0" daemon [_thread_in_native, id=21064, stack(0x000000808cc00000,0x000000808cd00000)]
  0x000002547818c0f0 JavaThread "C1 CompilerThread0" daemon [_thread_blocked, id=13816, stack(0x000000808cd00000,0x000000808ce00000)]
  0x000002547818c600 JavaThread "Sweeper thread" daemon [_thread_blocked, id=6248, stack(0x000000808ce00000,0x000000808cf00000)]
  0x00000254782625c0 JavaThread "Common-Cleaner" daemon [_thread_blocked, id=25156, stack(0x000000808cf00000,0x000000808d000000)]
  0x00000254784d0420 JavaThread "Notification Thread" daemon [_thread_blocked, id=7500, stack(0x000000808d000000,0x000000808d100000)]
  0x000002547965f500 JavaThread "Active Thread: Equinox Container: ad6c3db7-b6c3-4546-bb93-3396bf93628d" [_thread_blocked, id=19872, stack(0x000000808d700000,0x000000808d800000)]
  0x000002547938d400 JavaThread "Framework Event Dispatcher: Equinox Container: ad6c3db7-b6c3-4546-bb93-3396bf93628d" daemon [_thread_blocked, id=14240, stack(0x000000808d800000,0x000000808d900000)]
  0x000002547b3d8070 JavaThread "Start Level: Equinox Container: ad6c3db7-b6c3-4546-bb93-3396bf93628d" daemon [_thread_in_vm, id=27112, stack(0x000000808d900000,0x000000808da00000)]

Other Threads:
  0x0000025478150c20 VMThread "VM Thread" [stack: 0x000000808c500000,0x000000808c600000] [id=22352]
  0x000002547839b6c0 WatcherThread [stack: 0x000000808d100000,0x000000808d200000] [id=12228]
  0x000002546f8ede90 GCTaskThread "GC Thread#0" [stack: 0x000000808c400000,0x000000808c500000] [id=25164]
  0x00000254791db010 GCTaskThread "GC Thread#1" [stack: 0x000000808d200000,0x000000808d300000] [id=25044]
  0x00000254795a7500 GCTaskThread "GC Thread#2" [stack: 0x000000808d300000,0x000000808d400000] [id=29632]
  0x00000254795a77b0 GCTaskThread "GC Thread#3" [stack: 0x000000808d400000,0x000000808d500000] [id=24268]
  0x00000254795a7a60 GCTaskThread "GC Thread#4" [stack: 0x000000808d500000,0x000000808d600000] [id=5192]
  0x00000254795a7d10 GCTaskThread "GC Thread#5" [stack: 0x000000808d600000,0x000000808d700000] [id=25684]

Threads with active compile tasks:
C2 CompilerThread0     1887 1416       4       java.io.WinNTFileSystem::normalize (143 bytes)

VM state: not at safepoint (normal execution)

VM Mutex/Monitor currently owned by a thread:  ([mutex/lock_event])
[0x000002546f8d1140] Metaspace_lock - owner thread: 0x000002547b3d8070

Heap address: 0x00000000c0000000, size: 1024 MB, Compressed Oops mode: 32-bit

CDS archive(s) not mapped
Compressed class space mapped at: 0x0000000100000000-0x0000000140000000, reserved size: 1073741824
Narrow klass base: 0x0000000000000000, Narrow klass shift: 3, Narrow klass range: 0x140000000

GC Precious Log:
 CPUs: 8 total, 8 available
 Memory: 8067M
 Large Page Support: Disabled
 NUMA Support: Disabled
 Compressed Oops: Enabled (32-bit)
 Alignments: Space 512K, Generation 512K, Heap 2M
 Heap Min Capacity: 100M
 Heap Initial Capacity: 100M
 Heap Max Capacity: 1G
 Pre-touch: Disabled
 Parallel Workers: 8

Heap:
 PSYoungGen      total 29696K, used 23801K [0x00000000eab00000, 0x00000000ecc00000, 0x0000000100000000)
  eden space 25600K, 80% used [0x00000000eab00000,0x00000000ebf0ac90,0x00000000ec400000)
  from space 4096K, 80% used [0x00000000ec400000,0x00000000ec733b28,0x00000000ec800000)
  to   space 4096K, 0% used [0x00000000ec800000,0x00000000ec800000,0x00000000ecc00000)
 ParOldGen       total 68608K, used 16K [0x00000000c0000000, 0x00000000c4300000, 0x00000000eab00000)
  object space 68608K, 0% used [0x00000000c0000000,0x00000000c0004000,0x00000000c4300000)
 Metaspace       used 13491K, committed 13696K, reserved 1064960K
  class space    used 1355K, committed 1408K, reserved 1048576K

Card table byte_map: [0x0000025473f40000,0x0000025474150000] _byte_map_base: 0x0000025473940000

Marking Bits: (ParMarkBitMap*) 0x00007ffefd4f2cc0
 Begin Bits: [0x00000254742b0000, 0x00000254752b0000)
 End Bits:   [0x00000254752b0000, 0x00000254762b0000)

Polling page: 0x000002546f9a0000

Metaspace:

Usage:
  Non-class:     11.85 MB used.
      Class:      1.32 MB used.
       Both:     13.18 MB used.

Virtual space:
  Non-class space:       16.00 MB reserved,      12.00 MB ( 75%) committed,  2 nodes.
      Class space:        1.00 GB reserved,       1.38 MB ( <1%) committed,  1 nodes.
             Both:        1.02 GB reserved,      13.38 MB (  1%) committed. 

Chunk freelists:
   Non-Class:  3.92 MB
       Class:  2.43 MB
        Both:  6.35 MB

MaxMetaspaceSize: unlimited
CompressedClassSpaceSize: 1.00 GB
Initial GC threshold: 21.00 MB
Current GC threshold: 21.00 MB
CDS: off
MetaspaceReclaimPolicy: balanced
 - commit_granule_bytes: 65536.
 - commit_granule_words: 8192.
 - virtual_space_node_default_size: 1048576.
 - enlarge_chunks_in_place: 1.
 - new_chunks_are_fully_committed: 0.
 - uncommit_free_chunks: 1.
 - use_allocation_guard: 0.
 - handle_deallocations: 1.


Internal statistics:

num_allocs_failed_limit: 0.
num_arena_births: 60.
num_arena_deaths: 0.
num_vsnodes_births: 3.
num_vsnodes_deaths: 0.
num_space_committed: 214.
num_space_uncommitted: 0.
num_chunks_returned_to_freelist: 0.
num_chunks_taken_from_freelist: 231.
num_chunk_merges: 0.
num_chunk_splits: 160.
num_chunks_enlarged: 131.
num_purges: 0.
num_inconsistent_stats: 0.

CodeHeap 'non-profiled nmethods': size=120000Kb used=477Kb max_used=477Kb free=119522Kb
 bounds [0x0000025407ad0000, 0x0000025407d40000, 0x000002540f000000]
CodeHeap 'profiled nmethods': size=120000Kb used=2567Kb max_used=2567Kb free=117432Kb
 bounds [0x00000254005a0000, 0x0000025400830000, 0x0000025407ad0000]
CodeHeap 'non-nmethods': size=5760Kb used=1152Kb max_used=1170Kb free=4607Kb
 bounds [0x0000025400000000, 0x0000025400270000, 0x00000254005a0000]
 total_blobs=1893 nmethods=1450 adapters=357
 compilation: enabled
              stopped_count=0, restarted_count=0
 full_count=0

Compilation events (20 events):
Event: 1.685 Thread 0x000002547818c0f0 nmethod 1428 0x00000254007fb890 code [0x00000254007fba80, 0x00000254007fbfa8]
Event: 1.685 Thread 0x000002547818c0f0 1429       3       java.io.File::slashify (84 bytes)
Event: 1.686 Thread 0x000002547818c0f0 nmethod 1429 0x00000254007fc190 code [0x00000254007fc4a0, 0x00000254007fd328]
Event: 1.690 Thread 0x000002547818c0f0 1430       3       sun.net.util.IPAddressUtil::scan (62 bytes)
Event: 1.691 Thread 0x000002547818c0f0 nmethod 1430 0x00000254007fd890 code [0x00000254007fdac0, 0x00000254007fe3a8]
Event: 1.691 Thread 0x000002547818c0f0 1431       3       java.lang.String::<init> (10 bytes)
Event: 1.691 Thread 0x000002547818c0f0 nmethod 1431 0x00000254007fe790 code [0x00000254007fe940, 0x00000254007fea88]
Event: 1.692 Thread 0x000002547818c0f0 1432       3       java.io.WinNTFileSystem::resolve (275 bytes)
Event: 1.696 Thread 0x000002547818c0f0 nmethod 1432 0x00000254007feb90 code [0x00000254007ff0c0, 0x0000025400801d78]
Event: 1.702 Thread 0x000002547818c0f0 1433       3       java.io.File::<init> (111 bytes)
Event: 1.703 Thread 0x000002547818c0f0 nmethod 1433 0x0000025400802f90 code [0x0000025400803240, 0x0000025400803bd8]
Event: 1.704 Thread 0x000002547818c0f0 1434       3       org.eclipse.osgi.internal.framework.EquinoxConfiguration::getProperty (9 bytes)
Event: 1.705 Thread 0x000002547818c0f0 nmethod 1434 0x0000025400803f90 code [0x0000025400804260, 0x0000025400805018]
Event: 1.705 Thread 0x000002547818c0f0 1435       3       org.eclipse.osgi.internal.framework.EquinoxConfiguration$ConfigValues::getProperty (31 bytes)
Event: 1.706 Thread 0x000002547818c0f0 nmethod 1435 0x0000025400805510 code [0x00000254008058c0, 0x0000025400806f68]
Event: 1.706 Thread 0x000002547818c0f0 1436       3       java.lang.ThreadLocal::get (38 bytes)
Event: 1.707 Thread 0x000002547818c0f0 nmethod 1436 0x0000025400807690 code [0x0000025400807860, 0x0000025400807b98]
Event: 1.707 Thread 0x000002547818c0f0 1437       3       sun.net.www.protocol.file.Handler::parseURL (18 bytes)
Event: 1.707 Thread 0x000002547818c0f0 nmethod 1437 0x0000025400807d10 code [0x0000025400807ec0, 0x0000025400808078]
Event: 1.707 Thread 0x000002547818c0f0 1438       3       java.net.URLStreamHandler::parseURL (1201 bytes)

GC Heap History (2 events):
Event: 1.105 GC heap before
{Heap before GC invocations=1 (full 0):
 PSYoungGen      total 29696K, used 25600K [0x00000000eab00000, 0x00000000ecc00000, 0x0000000100000000)
  eden space 25600K, 100% used [0x00000000eab00000,0x00000000ec400000,0x00000000ec400000)
  from space 4096K, 0% used [0x00000000ec800000,0x00000000ec800000,0x00000000ecc00000)
  to   space 4096K, 0% used [0x00000000ec400000,0x00000000ec400000,0x00000000ec800000)
 ParOldGen       total 68608K, used 0K [0x00000000c0000000, 0x00000000c4300000, 0x00000000eab00000)
  object space 68608K, 0% used [0x00000000c0000000,0x00000000c0000000,0x00000000c4300000)
 Metaspace       used 10769K, committed 10880K, reserved 1064960K
  class space    used 1082K, committed 1152K, reserved 1048576K
}
Event: 1.114 GC heap after
{Heap after GC invocations=1 (full 0):
 PSYoungGen      total 29696K, used 3278K [0x00000000eab00000, 0x00000000ecc00000, 0x0000000100000000)
  eden space 25600K, 0% used [0x00000000eab00000,0x00000000eab00000,0x00000000ec400000)
  from space 4096K, 80% used [0x00000000ec400000,0x00000000ec733b28,0x00000000ec800000)
  to   space 4096K, 0% used [0x00000000ec800000,0x00000000ec800000,0x00000000ecc00000)
 ParOldGen       total 68608K, used 16K [0x00000000c0000000, 0x00000000c4300000, 0x00000000eab00000)
  object space 68608K, 0% used [0x00000000c0000000,0x00000000c0004000,0x00000000c4300000)
 Metaspace       used 10769K, committed 10880K, reserved 1064960K
  class space    used 1082K, committed 1152K, reserved 1048576K
}

Deoptimization events (20 events):
Event: 1.482 Thread 0x000002546f8d7310 DEOPT PACKING pc=0x0000025407b19240 sp=0x000000808c3fe030
Event: 1.482 Thread 0x000002546f8d7310 DEOPT UNPACKING pc=0x00000254000520a3 sp=0x000000808c3fdf58 mode 2
Event: 1.487 Thread 0x000002546f8d7310 Uncommon trap: trap_request=0xffffffde fr.pc=0x0000025407b19240 relative=0x0000000000000a00
Event: 1.487 Thread 0x000002546f8d7310 Uncommon trap: reason=class_check action=maybe_recompile pc=0x0000025407b19240 method=java.util.HashMap.putVal(ILjava/lang/Object;Ljava/lang/Object;ZZ)Ljava/lang/Object; @ 253 c2
Event: 1.487 Thread 0x000002546f8d7310 DEOPT PACKING pc=0x0000025407b19240 sp=0x000000808c3fe030
Event: 1.487 Thread 0x000002546f8d7310 DEOPT UNPACKING pc=0x00000254000520a3 sp=0x000000808c3fdf58 mode 2
Event: 1.491 Thread 0x000002546f8d7310 Uncommon trap: trap_request=0xffffffde fr.pc=0x0000025407b19240 relative=0x0000000000000a00
Event: 1.491 Thread 0x000002546f8d7310 Uncommon trap: reason=class_check action=maybe_recompile pc=0x0000025407b19240 method=java.util.HashMap.putVal(ILjava/lang/Object;Ljava/lang/Object;ZZ)Ljava/lang/Object; @ 253 c2
Event: 1.491 Thread 0x000002546f8d7310 DEOPT PACKING pc=0x0000025407b19240 sp=0x000000808c3fdf30
Event: 1.491 Thread 0x000002546f8d7310 DEOPT UNPACKING pc=0x00000254000520a3 sp=0x000000808c3fde58 mode 2
Event: 1.494 Thread 0x000002546f8d7310 Uncommon trap: trap_request=0xffffffde fr.pc=0x0000025407b19240 relative=0x0000000000000a00
Event: 1.494 Thread 0x000002546f8d7310 Uncommon trap: reason=class_check action=maybe_recompile pc=0x0000025407b19240 method=java.util.HashMap.putVal(ILjava/lang/Object;Ljava/lang/Object;ZZ)Ljava/lang/Object; @ 253 c2
Event: 1.494 Thread 0x000002546f8d7310 DEOPT PACKING pc=0x0000025407b19240 sp=0x000000808c3fdfb0
Event: 1.494 Thread 0x000002546f8d7310 DEOPT UNPACKING pc=0x00000254000520a3 sp=0x000000808c3fded8 mode 2
Event: 1.495 Thread 0x000002546f8d7310 Uncommon trap: trap_request=0xffffffde fr.pc=0x0000025407b34320 relative=0x0000000000000960
Event: 1.495 Thread 0x000002546f8d7310 Uncommon trap: reason=class_check action=maybe_recompile pc=0x0000025407b34320 method=java.util.HashMap.putVal(ILjava/lang/Object;Ljava/lang/Object;ZZ)Ljava/lang/Object; @ 253 c2
Event: 1.495 Thread 0x000002546f8d7310 DEOPT PACKING pc=0x0000025407b34320 sp=0x000000808c3fdf20
Event: 1.495 Thread 0x000002546f8d7310 DEOPT UNPACKING pc=0x00000254000520a3 sp=0x000000808c3fded0 mode 2
Event: 1.572 Thread 0x000002546f8d7310 DEOPT PACKING pc=0x000002540068b500 sp=0x000000808c3fd0d0
Event: 1.572 Thread 0x000002546f8d7310 DEOPT UNPACKING pc=0x0000025400052843 sp=0x000000808c3fc540 mode 0

Classes unloaded (0 events):
No events

Classes redefined (0 events):
No events

Internal exceptions (20 events):
Event: 0.184 Thread 0x000002546f8d7310 Exception <a 'java/lang/NoSuchMethodError'{0x00000000eacb22d8}: 'void java.lang.invoke.DirectMethodHandle$Holder.invokeStatic(java.lang.Object, java.lang.Object, java.lang.Object)'> (0x00000000eacb22d8) 
thrown [s\src\hotspot\share\interpreter\linkResolver.cpp, line 759]
Event: 0.387 Thread 0x000002546f8d7310 Exception <a 'java/lang/reflect/InvocationTargetException'{0x00000000eaf78020}> (0x00000000eaf78020) 
thrown [s\src\hotspot\share\runtime\reflection.cpp, line 1121]
Event: 0.678 Thread 0x000002546f8d7310 Exception <a 'java/lang/ClassNotFoundException'{0x00000000eb7202b0}: sun/net/www/protocol/c/Handler> (0x00000000eb7202b0) 
thrown [s\src\hotspot\share\classfile\systemDictionary.cpp, line 256]
Event: 0.720 Thread 0x000002546f8d7310 Exception <a 'java/io/FileNotFoundException'{0x00000000eb73c298}> (0x00000000eb73c298) 
thrown [s\src\hotspot\share\prims\jni.cpp, line 516]
Event: 0.721 Thread 0x000002546f8d7310 Exception <a 'java/io/FileNotFoundException'{0x00000000eb73cfe0}> (0x00000000eb73cfe0) 
thrown [s\src\hotspot\share\prims\jni.cpp, line 516]
Event: 0.721 Thread 0x000002546f8d7310 Exception <a 'java/io/FileNotFoundException'{0x00000000eb73dd08}> (0x00000000eb73dd08) 
thrown [s\src\hotspot\share\prims\jni.cpp, line 516]
Event: 0.721 Thread 0x000002546f8d7310 Exception <a 'java/io/FileNotFoundException'{0x00000000eb73ea00}> (0x00000000eb73ea00) 
thrown [s\src\hotspot\share\prims\jni.cpp, line 516]
Event: 0.732 Thread 0x000002546f8d7310 Exception <a 'java/io/FileNotFoundException'{0x00000000eb77f548}> (0x00000000eb77f548) 
thrown [s\src\hotspot\share\prims\jni.cpp, line 516]
Event: 0.948 Thread 0x000002546f8d7310 Exception <a 'java/lang/ClassNotFoundException'{0x00000000ebf7a5c0}: sun/net/www/protocol/c/Handler> (0x00000000ebf7a5c0) 
thrown [s\src\hotspot\share\classfile\systemDictionary.cpp, line 256]
Event: 0.949 Thread 0x000002546f8d7310 Exception <a 'java/lang/ClassNotFoundException'{0x00000000ebf7b9c0}: sun/net/www/protocol/c/Handler> (0x00000000ebf7b9c0) 
thrown [s\src\hotspot\share\classfile\systemDictionary.cpp, line 256]
Event: 0.949 Thread 0x000002546f8d7310 Exception <a 'java/lang/ClassNotFoundException'{0x00000000ebf7cc78}: sun/net/www/protocol/c/Handler> (0x00000000ebf7cc78) 
thrown [s\src\hotspot\share\classfile\systemDictionary.cpp, line 256]
Event: 0.958 Thread 0x000002546f8d7310 Exception <a 'java/io/FileNotFoundException'{0x00000000ebfa3330}> (0x00000000ebfa3330) 
thrown [s\src\hotspot\share\prims\jni.cpp, line 516]
Event: 1.041 Thread 0x000002546f8d7310 Exception <a 'java/lang/NoSuchMethodError'{0x00000000ec274c28}: 'int java.lang.invoke.DirectMethodHandle$Holder.invokeStaticInit(java.lang.Object, java.lang.Object, java.lang.Object, java.lang.Object)'> (0x00000000ec274c28) 
thrown [s\src\hotspot\share\interpreter\linkResolver.cpp, line 759]
Event: 1.044 Thread 0x000002546f8d7310 Exception <a 'java/lang/NoSuchMethodError'{0x00000000ec27f298}: 'java.lang.Object java.lang.invoke.DirectMethodHandle$Holder.invokeInterface(java.lang.Object, java.lang.Object)'> (0x00000000ec27f298) 
thrown [s\src\hotspot\share\interpreter\linkResolver.cpp, line 759]
Event: 1.045 Thread 0x000002546f8d7310 Exception <a 'java/lang/IncompatibleClassChangeError'{0x00000000ec282a90}: Found class java.lang.Object, but interface was expected> (0x00000000ec282a90) 
thrown [s\src\hotspot\share\interpreter\linkResolver.cpp, line 826]
Event: 1.046 Thread 0x000002546f8d7310 Exception <a 'java/lang/NoSuchMethodError'{0x00000000ec286f88}: 'void java.lang.invoke.DirectMethodHandle$Holder.invokeStatic(java.lang.Object, java.lang.Object)'> (0x00000000ec286f88) 
thrown [s\src\hotspot\share\interpreter\linkResolver.cpp, line 759]
Event: 1.047 Thread 0x000002546f8d7310 Exception <a 'java/lang/NoSuchMethodError'{0x00000000ec28a788}: 'void java.lang.invoke.DirectMethodHandle$Holder.invokeStaticInit(java.lang.Object, java.lang.Object)'> (0x00000000ec28a788) 
thrown [s\src\hotspot\share\interpreter\linkResolver.cpp, line 759]
Event: 1.048 Thread 0x000002546f8d7310 Exception <a 'java/lang/NoSuchMethodError'{0x00000000ec291b10}: 'int java.lang.invoke.DirectMethodHandle$Holder.invokeStaticInit(java.lang.Object, java.lang.Object)'> (0x00000000ec291b10) 
thrown [s\src\hotspot\share\interpreter\linkResolver.cpp, line 759]
Event: 1.102 Thread 0x000002546f8d7310 Exception <a 'java/lang/NoSuchMethodError'{0x00000000ec3d84d8}: 'void java.lang.invoke.DirectMethodHandle$Holder.invokeSpecial(java.lang.Object, java.lang.Object, java.lang.Object)'> (0x00000000ec3d84d8) 
thrown [s\src\hotspot\share\interpreter\linkResolver.cpp, line 759]
Event: 1.446 Thread 0x000002546f8d7310 Exception <a 'java/lang/NoSuchMethodError'{0x00000000eb7c8528}: 'java.lang.Object java.lang.invoke.DirectMethodHandle$Holder.newInvokeSpecial(java.lang.Object, int, java.lang.Object)'> (0x00000000eb7c8528) 
thrown [s\src\hotspot\share\interpreter\linkResolver.cpp, line 759]

VM Operations (20 events):
Event: 0.190 Executing VM operation: HandshakeAllThreads
Event: 0.190 Executing VM operation: HandshakeAllThreads done
Event: 0.301 Executing VM operation: HandshakeAllThreads
Event: 0.301 Executing VM operation: HandshakeAllThreads done
Event: 0.649 Executing VM operation: HandshakeAllThreads
Event: 0.649 Executing VM operation: HandshakeAllThreads done
Event: 0.671 Executing VM operation: HandshakeAllThreads
Event: 0.671 Executing VM operation: HandshakeAllThreads done
Event: 1.052 Executing VM operation: ICBufferFull
Event: 1.052 Executing VM operation: ICBufferFull done
Event: 1.105 Executing VM operation: ParallelGCFailedAllocation
Event: 1.114 Executing VM operation: ParallelGCFailedAllocation done
Event: 1.412 Executing VM operation: HandshakeAllThreads
Event: 1.412 Executing VM operation: HandshakeAllThreads done
Event: 1.413 Executing VM operation: HandshakeAllThreads
Event: 1.413 Executing VM operation: HandshakeAllThreads done
Event: 1.422 Executing VM operation: HandshakeAllThreads
Event: 1.422 Executing VM operation: HandshakeAllThreads done
Event: 1.441 Executing VM operation: HandshakeAllThreads
Event: 1.441 Executing VM operation: HandshakeAllThreads done

Events (20 events):
Event: 1.486 loading class java/util/ConcurrentModificationException
Event: 1.486 loading class java/util/ConcurrentModificationException done
Event: 1.496 loading class java/net/ContentHandlerFactory
Event: 1.496 loading class java/net/ContentHandlerFactory done
Event: 1.503 loading class java/net/ContentHandler
Event: 1.503 loading class java/net/ContentHandler done
Event: 1.562 loading class java/security/KeyStoreException
Event: 1.562 loading class java/security/KeyStoreException done
Event: 1.611 loading class java/util/LinkedList$Node
Event: 1.611 loading class java/util/LinkedList$Node done
Event: 1.611 loading class java/util/LinkedList$ListItr
Event: 1.611 loading class java/util/LinkedList$ListItr done
Event: 1.631 loading class sun/nio/fs/WindowsChannelFactory
Event: 1.631 loading class sun/nio/fs/WindowsChannelFactory done
Event: 1.631 loading class sun/nio/fs/WindowsChannelFactory$1
Event: 1.632 loading class sun/nio/fs/WindowsChannelFactory$1 done
Event: 1.632 loading class sun/nio/fs/WindowsChannelFactory$Flags
Event: 1.632 loading class sun/nio/fs/WindowsChannelFactory$Flags done
Event: 1.632 loading class sun/nio/ch/FileChannelImpl$Closer
Event: 1.632 loading class sun/nio/ch/FileChannelImpl$Closer done


Dynamic libraries:
0x00007ff7abca0000 - 0x00007ff7abcae000 	c:\Users\JULIO\.vscode\extensions\redhat.java-1.12.0-win32-x64\jre\17.0.4.1-win32-x86_64\bin\java.exe
0x00007fff96ab0000 - 0x00007fff96cc4000 	C:\WINDOWS\SYSTEM32\ntdll.dll
0x00007fff8b270000 - 0x00007fff8b287000 	C:\Program Files\Avast Software\Avast\aswhook.dll
0x00007fff96570000 - 0x00007fff96632000 	C:\WINDOWS\System32\KERNEL32.DLL
0x00007fff94300000 - 0x00007fff9469d000 	C:\WINDOWS\System32\KERNELBASE.dll
0x00007fff94760000 - 0x00007fff94871000 	C:\WINDOWS\System32\ucrtbase.dll
0x00007fff7b350000 - 0x00007fff7b368000 	c:\Users\JULIO\.vscode\extensions\redhat.java-1.12.0-win32-x64\jre\17.0.4.1-win32-x86_64\bin\jli.dll
0x00007fff96640000 - 0x00007fff967ea000 	C:\WINDOWS\System32\USER32.dll
0x00007fff94880000 - 0x00007fff948a6000 	C:\WINDOWS\System32\win32u.dll
0x00007fff967f0000 - 0x00007fff96819000 	C:\WINDOWS\System32\GDI32.dll
0x00007fff94140000 - 0x00007fff94252000 	C:\WINDOWS\System32\gdi32full.dll
0x00007fff94260000 - 0x00007fff942fa000 	C:\WINDOWS\System32\msvcp_win.dll
0x00007fff76cb0000 - 0x00007fff76cc9000 	c:\Users\JULIO\.vscode\extensions\redhat.java-1.12.0-win32-x64\jre\17.0.4.1-win32-x86_64\bin\VCRUNTIME140.dll
0x00007fff74050000 - 0x00007fff742de000 	C:\WINDOWS\WinSxS\amd64_microsoft.windows.common-controls_6595b64144ccf1df_6.0.22621.608_none_a9444ca7c10bb01d\COMCTL32.dll
0x00007fff948b0000 - 0x00007fff94957000 	C:\WINDOWS\System32\msvcrt.dll
0x00007fff96940000 - 0x00007fff96972000 	C:\WINDOWS\System32\IMM32.DLL
0x00007fff838b0000 - 0x00007fff838bc000 	c:\Users\JULIO\.vscode\extensions\redhat.java-1.12.0-win32-x64\jre\17.0.4.1-win32-x86_64\bin\vcruntime140_1.dll
0x00007fff5a940000 - 0x00007fff5a9d1000 	c:\Users\JULIO\.vscode\extensions\redhat.java-1.12.0-win32-x64\jre\17.0.4.1-win32-x86_64\bin\msvcp140.dll
0x00007ffefc970000 - 0x00007ffefd5b6000 	c:\Users\JULIO\.vscode\extensions\redhat.java-1.12.0-win32-x64\jre\17.0.4.1-win32-x86_64\bin\server\jvm.dll
0x00007fff95220000 - 0x00007fff952ce000 	C:\WINDOWS\System32\ADVAPI32.dll
0x00007fff94df0000 - 0x00007fff94e94000 	C:\WINDOWS\System32\sechost.dll
0x00007fff950f0000 - 0x00007fff95205000 	C:\WINDOWS\System32\RPCRT4.dll
0x00007fff94960000 - 0x00007fff94968000 	C:\WINDOWS\System32\PSAPI.DLL
0x00007fff84120000 - 0x00007fff84129000 	C:\WINDOWS\SYSTEM32\WSOCK32.dll
0x00007fff95df0000 - 0x00007fff95e61000 	C:\WINDOWS\System32\WS2_32.dll
0x00007fff89e00000 - 0x00007fff89e34000 	C:\WINDOWS\SYSTEM32\WINMM.dll
0x00007fff8a790000 - 0x00007fff8a79a000 	C:\WINDOWS\SYSTEM32\VERSION.dll
0x00007fff92f50000 - 0x00007fff92f68000 	C:\WINDOWS\SYSTEM32\kernel.appcore.dll
0x00007fff83590000 - 0x00007fff8359a000 	c:\Users\JULIO\.vscode\extensions\redhat.java-1.12.0-win32-x64\jre\17.0.4.1-win32-x86_64\bin\jimage.dll
0x00007fff91ad0000 - 0x00007fff91cfe000 	C:\WINDOWS\SYSTEM32\DBGHELP.DLL
0x00007fff94970000 - 0x00007fff94cfa000 	C:\WINDOWS\System32\combase.dll
0x00007fff95530000 - 0x00007fff95607000 	C:\WINDOWS\System32\OLEAUT32.dll
0x00007fff89630000 - 0x00007fff89662000 	C:\WINDOWS\SYSTEM32\dbgcore.DLL
0x00007fff93f50000 - 0x00007fff93fcb000 	C:\WINDOWS\System32\bcryptPrimitives.dll
0x00007fff7f000000 - 0x00007fff7f00e000 	c:\Users\JULIO\.vscode\extensions\redhat.java-1.12.0-win32-x64\jre\17.0.4.1-win32-x86_64\bin\instrument.dll
0x00007fff718f0000 - 0x00007fff71915000 	c:\Users\JULIO\.vscode\extensions\redhat.java-1.12.0-win32-x64\jre\17.0.4.1-win32-x86_64\bin\java.dll
0x00007fff73e90000 - 0x00007fff73ea8000 	c:\Users\JULIO\.vscode\extensions\redhat.java-1.12.0-win32-x64\jre\17.0.4.1-win32-x86_64\bin\zip.dll
0x00007fff95610000 - 0x00007fff95df0000 	C:\WINDOWS\System32\SHELL32.dll
0x00007fff91f20000 - 0x00007fff927e5000 	C:\WINDOWS\SYSTEM32\windows.storage.dll
0x00007fff91de0000 - 0x00007fff91f1e000 	C:\WINDOWS\SYSTEM32\wintypes.dll
0x00007fff95e70000 - 0x00007fff95f61000 	C:\WINDOWS\System32\SHCORE.dll
0x00007fff96090000 - 0x00007fff960ee000 	C:\WINDOWS\System32\shlwapi.dll
0x00007fff93e10000 - 0x00007fff93e31000 	C:\WINDOWS\SYSTEM32\profapi.dll
0x00007fff71460000 - 0x00007fff71479000 	C:\Users\JULIO\.vscode\extensions\redhat.java-1.12.0-win32-x64\jre\17.0.4.1-win32-x86_64\bin\net.dll
0x00007fff89a30000 - 0x00007fff89b5f000 	C:\WINDOWS\SYSTEM32\WINHTTP.dll
0x00007fff933b0000 - 0x00007fff93419000 	C:\WINDOWS\system32\mswsock.dll
0x00007fff6dd40000 - 0x00007fff6dd55000 	C:\Users\JULIO\.vscode\extensions\redhat.java-1.12.0-win32-x64\jre\17.0.4.1-win32-x86_64\bin\nio.dll
0x00007fff7ee90000 - 0x00007fff7eea0000 	c:\Users\JULIO\.vscode\extensions\redhat.java-1.12.0-win32-x64\jre\17.0.4.1-win32-x86_64\bin\verify.dll
0x00007fff6b590000 - 0x00007fff6b5ce000 	C:\Users\JULIO\AppData\Roaming\Code\User\globalStorage\redhat.java\1.12.0\config_win\org.eclipse.equinox.launcher\org.eclipse.equinox.launcher.win32.win32.x86_64_1.2.600.v20220720-1916\eclipse_11700.dll
0x00007fff94f00000 - 0x00007fff9509c000 	C:\WINDOWS\System32\ole32.dll

dbghelp: loaded successfully - version: 4.0.5 - missing functions: none
symbol engine: initialized successfully - sym options: 0x614 - pdb path: .;c:\Users\JULIO\.vscode\extensions\redhat.java-1.12.0-win32-x64\jre\17.0.4.1-win32-x86_64\bin;C:\WINDOWS\SYSTEM32;C:\Program Files\Avast Software\Avast;C:\WINDOWS\WinSxS\amd64_microsoft.windows.common-controls_6595b64144ccf1df_6.0.22621.608_none_a9444ca7c10bb01d;c:\Users\JULIO\.vscode\extensions\redhat.java-1.12.0-win32-x64\jre\17.0.4.1-win32-x86_64\bin\server;C:\Users\JULIO\AppData\Roaming\Code\User\globalStorage\redhat.java\1.12.0\config_win\org.eclipse.equinox.launcher\org.eclipse.equinox.launcher.win32.win32.x86_64_1.2.600.v20220720-1916

VM Arguments:
jvm_args: --add-modules=ALL-SYSTEM --add-opens=java.base/java.util=ALL-UNNAMED --add-opens=java.base/java.lang=ALL-UNNAMED --add-opens=java.base/sun.nio.fs=ALL-UNNAMED -Declipse.application=org.eclipse.jdt.ls.core.id1 -Dosgi.bundles.defaultStartLevel=4 -Declipse.product=org.eclipse.jdt.ls.core.product -Djava.import.generatesMetadataFilesAtProjectRoot=false -Dfile.encoding=utf8 -XX:+UseParallelGC -XX:GCTimeRatio=4 -XX:AdaptiveSizePolicyWeight=90 -Dsun.zip.disableMemoryMapping=true -Xmx1G -Xms100m -Xlog:disable -javaagent:c:\Users\JULIO\.vscode\extensions\redhat.java-1.12.0-win32-x64\lombok\lombok-1.18.24.jar -XX:+HeapDumpOnOutOfMemoryError -XX:HeapDumpPath=c:\Users\JULIO\AppData\Roaming\Code\User\workspaceStorage\aaa6b2cc7e23fc04b601386eed926ab1\redhat.java 
java_command: c:\Users\JULIO\.vscode\extensions\redhat.java-1.12.0-win32-x64\server\plugins\org.eclipse.equinox.launcher_1.6.400.v20210924-0641.jar -configuration c:\Users\JULIO\AppData\Roaming\Code\User\globalStorage\redhat.java\1.12.0\config_win -data c:\Users\JULIO\AppData\Roaming\Code\User\workspaceStorage\aaa6b2cc7e23fc04b601386eed926ab1\redhat.java\jdt_ws
java_class_path (initial): c:\Users\JULIO\.vscode\extensions\redhat.java-1.12.0-win32-x64\server\plugins\org.eclipse.equinox.launcher_1.6.400.v20210924-0641.jar
Launcher Type: SUN_STANDARD

[Global flags]
    uintx AdaptiveSizePolicyWeight                 = 90                                        {product} {command line}
     intx CICompilerCount                          = 4                                         {product} {ergonomic}
    uintx GCTimeRatio                              = 4                                         {product} {command line}
     bool HeapDumpOnOutOfMemoryError               = true                                   {manageable} {command line}
    ccstr HeapDumpPath                             = c:\Users\JULIO\AppData\Roaming\Code\User\workspaceStorage\aaa6b2cc7e23fc04b601386eed926ab1\redhat.java         {manageable} {command line}
   size_t InitialHeapSize                          = 104857600                                 {product} {command line}
   size_t MaxHeapSize                              = 1073741824                                {product} {command line}
   size_t MaxNewSize                               = 357564416                                 {product} {ergonomic}
   size_t MinHeapDeltaBytes                        = 524288                                    {product} {ergonomic}
   size_t MinHeapSize                              = 104857600                                 {product} {command line}
   size_t NewSize                                  = 34603008                                  {product} {ergonomic}
    uintx NonNMethodCodeHeapSize                   = 5839372                                {pd product} {ergonomic}
    uintx NonProfiledCodeHeapSize                  = 122909434                              {pd product} {ergonomic}
   size_t OldSize                                  = 70254592                                  {product} {ergonomic}
    uintx ProfiledCodeHeapSize                     = 122909434                              {pd product} {ergonomic}
    uintx ReservedCodeCacheSize                    = 251658240                              {pd product} {ergonomic}
     bool SegmentedCodeCache                       = true                                      {product} {ergonomic}
   size_t SoftMaxHeapSize                          = 1073741824                             {manageable} {ergonomic}
     bool UseCompressedClassPointers               = true                           {product lp64_product} {ergonomic}
     bool UseCompressedOops                        = true                           {product lp64_product} {ergonomic}
     bool UseLargePagesIndividualAllocation        = false                                  {pd product} {ergonomic}
     bool UseParallelGC                            = true                                      {product} {command line}

Logging:
Log output configuration:
 #0: stdout all=off uptime,level,tags
 #1: stderr all=off uptime,level,tags

Environment Variables:
JAVA_HOME=C:\Program Files\Java\jdk-11.0.16
PATH=C:\Program Files\Common Files\Oracle\Java\javapath;C:\WINDOWS\system32;C:\WINDOWS;C:\WINDOWS\System32\Wbem;C:\WINDOWS\System32\WindowsPowerShell\v1.0\;C:\WINDOWS\System32\OpenSSH\;C:\ProgramData\UNIVALI\Portugol Studio;C:\Program Files\nodejs\;C:\Program Files\Java\jdk-11.0.16\bin;C:\Program Files\Maven\apache-maven-3.8.6\bin;C:\Users\JULIO\AppData\Local\Microsoft\WindowsApps;;C:\Users\JULIO\AppData\Local\Programs\Microsoft VS Code\bin;C:\Users\JULIO\AppData\Roaming\npm
USERNAME=JULIO
OS=Windows_NT
PROCESSOR_IDENTIFIER=Intel64 Family 6 Model 142 Stepping 12, GenuineIntel
TMP=C:\Users\JULIO\AppData\Local\Temp
TEMP=C:\Users\JULIO\AppData\Local\Temp



---------------  S Y S T E M  ---------------

OS:
 Windows 11 , 64 bit Build 22621 (10.0.22621.755)
OS uptime: 11 days 11:27 hours

CPU: total 8 (initial active 8) (4 cores per cpu, 2 threads per core) family 6 model 142 stepping 12 microcode 0xf0, cx8, cmov, fxsr, ht, mmx, 3dnowpref, sse, sse2, sse3, ssse3, sse4.1, sse4.2, popcnt, lzcnt, tsc, tscinvbit, avx, avx2, aes, erms, clmul, bmi1, bmi2, adx, fma, vzeroupper, clflush, clflushopt

Memory: 4k page, system-wide physical 8067M (423M free)
TotalPageFile size 22250M (AvailPageFile size 116M)
current process WorkingSet (physical memory assigned to process): 83M, peak: 83M
current process commit charge ("private bytes"): 204M, peak: 204M

vm_info: OpenJDK 64-Bit Server VM (17.0.4.1+1) for windows-amd64 JRE (17.0.4.1+1), built on Aug 17 2022 07:42:43 by "temurin" with MS VC++ 16.7 (VS2019)

END.
